Rasa process starting
Rasa process starting
USING `rasa_core.server` is deprecated and will be removed in the future. Use `rasa_core.run --enable_api` instead.
Rasa process starting
Added 'nlp_spacy' to component cache. Key 'nlp_spacy-en'.
C:\Users\joe\Anaconda3\lib\site-packages\rasa_nlu\extractors\entity_synonyms.py:85: UserWarning: Failed to load synonyms file from 'models/nlu/default/weathernlu\entity_synonyms.json'
  "".format(entity_synonyms_file))

C:\Users\joe\Anaconda3\lib\site-packages\pykwalify\core.py:99: UnsafeLoaderWarning: 
The default 'Loader' for 'load(stream)' without further arguments can be unsafe.
Use 'load(stream, Loader=ruamel.yaml.Loader)' explicitly if that is OK.
Alternatively include the following in your code:

  import warnings
  warnings.simplefilter('ignore', ruamel.yaml.error.UnsafeLoaderWarning)

In most other cases you should consider using 'safe_load(stream)'
  data = yaml.load(stream)

Available web server routes: 
static                                             GET, OPTIONS, HEAD             /static/[filename]
custom_webhook.health                              GET, OPTIONS, HEAD             /webhooks/rest/
custom_webhook.receive                             OPTIONS, POST                  /webhooks/rest/webhook
Rasa Core server is up and running on http://localhost:5005
Creating a new tracker for id 'default'.
Received user message 'import requests' with intent '{'name': 'inform', 'confidence': 0.53524921658261015}' and entities '[]'
Logged UserUtterance - tracker now has 2 events
Current slot values: 
	location: None
Current tracker state [None, {}, {'intent_inform': 1.0, 'prev_action_listen': 1.0}]
There is no memorised next action
Predicted next action using policy_2_KerasPolicy
Predicted next action 'utter_ask_location' with prob 0.56.
Action 'utter_ask_location' ended with events '[]'
Bot utterance 'BotUttered(text: In what location?, data: {
  "elements": null,
  "buttons": null,
  "attachment": null
})'
Current tracker state [{}, {'intent_inform': 1.0, 'prev_action_listen': 1.0}, {'prev_utter_ask_location': 1.0, 'intent_inform': 1.0}]
There is a memorised next action '0'
Predicted next action using policy_1_MemoizationPolicy
Predicted next action 'action_listen' with prob 1.00.
Action 'action_listen' ended with events '[]'
Recreating tracker for id 'default'
Received user message 'import json' with intent '{'name': 'greet', 'confidence': 0.46259213637826818}' and entities '[]'
Logged UserUtterance - tracker now has 6 events
Current slot values: 
	location: None
Current tracker state [{'intent_inform': 1.0, 'prev_action_listen': 1.0}, {'prev_utter_ask_location': 1.0, 'intent_inform': 1.0}, {'intent_greet': 1.0, 'prev_action_listen': 1.0}]
There is a memorised next action '3'
Predicted next action using policy_1_MemoizationPolicy
Predicted next action 'utter_greet' with prob 1.00.
Action 'utter_greet' ended with events '[]'
Bot utterance 'BotUttered(text: Hello! How can I help?, data: {
  "elements": null,
  "buttons": null,
  "attachment": null
})'
Current tracker state [{'prev_utter_ask_location': 1.0, 'intent_inform': 1.0}, {'intent_greet': 1.0, 'prev_action_listen': 1.0}, {'prev_utter_greet': 1.0, 'intent_greet': 1.0}]
There is a memorised next action '0'
Predicted next action using policy_1_MemoizationPolicy
Predicted next action 'action_listen' with prob 1.00.
Action 'action_listen' ended with events '[]'
Recreating tracker for id 'default'
Received user message '' with intent '{'name': None, 'confidence': 0.0}' and entities '[]'
Logged UserUtterance - tracker now has 10 events
Current slot values: 
	location: None
Current tracker state [{'intent_greet': 1.0, 'prev_action_listen': 1.0}, {'prev_utter_greet': 1.0, 'intent_greet': 1.0}, {'prev_action_listen': 1.0}]
There is no memorised next action
Predicted next action using policy_2_KerasPolicy
Predicted next action 'utter_greet' with prob 0.78.
Action 'utter_greet' ended with events '[]'
Bot utterance 'BotUttered(text: Hello! How can I help?, data: {
  "elements": null,
  "buttons": null,
  "attachment": null
})'
Current tracker state [{'prev_utter_greet': 1.0, 'intent_greet': 1.0}, {'prev_action_listen': 1.0}, {'prev_utter_greet': 1.0}]
There is no memorised next action
Predicted next action using policy_2_KerasPolicy
Predicted next action 'action_listen' with prob 1.00.
Action 'action_listen' ended with events '[]'
Recreating tracker for id 'default'
Received user message 'data = '{"query":"hello"}'' with intent '{'name': 'inform', 'confidence': 0.67941197153285515}' and entities '[]'
Logged UserUtterance - tracker now has 14 events
Current slot values: 
	location: None
Current tracker state [{'prev_action_listen': 1.0}, {'prev_utter_greet': 1.0}, {'intent_inform': 1.0, 'prev_action_listen': 1.0}]
There is no memorised next action
Predicted next action using policy_2_KerasPolicy
Predicted next action 'utter_ask_location' with prob 0.59.
Action 'utter_ask_location' ended with events '[]'
Bot utterance 'BotUttered(text: In what location?, data: {
  "elements": null,
  "buttons": null,
  "attachment": null
})'
Current tracker state [{'prev_utter_greet': 1.0}, {'intent_inform': 1.0, 'prev_action_listen': 1.0}, {'prev_utter_ask_location': 1.0, 'intent_inform': 1.0}]
There is no memorised next action
Predicted next action using policy_2_KerasPolicy
Predicted next action 'action_listen' with prob 0.99.
Action 'action_listen' ended with events '[]'
Recreating tracker for id 'default'
Received user message 'response = requests.post('http://localhost:5005/conversations/default/respond', data=data)' with intent '{'name': 'inform', 'confidence': 0.79372886291786537}' and entities '[]'
Logged UserUtterance - tracker now has 18 events
Current slot values: 
	location: None
Current tracker state [{'intent_inform': 1.0, 'prev_action_listen': 1.0}, {'prev_utter_ask_location': 1.0, 'intent_inform': 1.0}, {'intent_inform': 1.0, 'prev_action_listen': 1.0}]
There is no memorised next action
Predicted next action using policy_2_KerasPolicy
Predicted next action 'utter_ask_location' with prob 0.60.
Action 'utter_ask_location' ended with events '[]'
Bot utterance 'BotUttered(text: In what location?, data: {
  "elements": null,
  "buttons": null,
  "attachment": null
})'
Current tracker state [{'prev_utter_ask_location': 1.0, 'intent_inform': 1.0}, {'intent_inform': 1.0, 'prev_action_listen': 1.0}, {'prev_utter_ask_location': 1.0, 'intent_inform': 1.0}]
There is a memorised next action '0'
Predicted next action using policy_1_MemoizationPolicy
Predicted next action 'action_listen' with prob 1.00.
Action 'action_listen' ended with events '[]'
Recreating tracker for id 'default'
Received user message 'json_response = response.json()' with intent '{'name': 'inform', 'confidence': 0.58989332872452627}' and entities '[]'
Logged UserUtterance - tracker now has 22 events
Current slot values: 
	location: None
Current tracker state [{'intent_inform': 1.0, 'prev_action_listen': 1.0}, {'prev_utter_ask_location': 1.0, 'intent_inform': 1.0}, {'intent_inform': 1.0, 'prev_action_listen': 1.0}]
There is no memorised next action
Predicted next action using policy_2_KerasPolicy
Predicted next action 'utter_ask_location' with prob 0.60.
Action 'utter_ask_location' ended with events '[]'
Bot utterance 'BotUttered(text: In what location?, data: {
  "elements": null,
  "buttons": null,
  "attachment": null
})'
Current tracker state [{'prev_utter_ask_location': 1.0, 'intent_inform': 1.0}, {'intent_inform': 1.0, 'prev_action_listen': 1.0}, {'prev_utter_ask_location': 1.0, 'intent_inform': 1.0}]
There is a memorised next action '0'
Predicted next action using policy_1_MemoizationPolicy
Predicted next action 'action_listen' with prob 1.00.
Action 'action_listen' ended with events '[]'
USING `rasa_core.server` is deprecated and will be removed in the future. Use `rasa_core.run --enable_api` instead.
Rasa process starting
Added 'nlp_spacy' to component cache. Key 'nlp_spacy-en'.
C:\Users\joe\Anaconda3\lib\site-packages\rasa_nlu\extractors\entity_synonyms.py:85: UserWarning: Failed to load synonyms file from 'models/nlu/default/weathernlu\entity_synonyms.json'
  "".format(entity_synonyms_file))

C:\Users\joe\Anaconda3\lib\site-packages\pykwalify\core.py:99: UnsafeLoaderWarning: 
The default 'Loader' for 'load(stream)' without further arguments can be unsafe.
Use 'load(stream, Loader=ruamel.yaml.Loader)' explicitly if that is OK.
Alternatively include the following in your code:

  import warnings
  warnings.simplefilter('ignore', ruamel.yaml.error.UnsafeLoaderWarning)

In most other cases you should consider using 'safe_load(stream)'
  data = yaml.load(stream)

Available web server routes: 
static                                             GET, HEAD, OPTIONS             /static/[filename]
custom_webhook.health                              GET, HEAD, OPTIONS             /webhooks/rest/
custom_webhook.receive                             POST, OPTIONS                  /webhooks/rest/webhook
Rasa Core server is up and running on http://localhost:5005
